This is pdfTeX, Version 3.1415926-2.5-1.40.14 (TeX Live 2013/TeX Live for SUSE Linux) (format=etex 2014.4.2)  27 JUN 2014 21:01
entering extended mode
 restricted \write18 enabled.
 file:line:error style messages enabled.
 %&-line parsing enabled.
**/home/jeff/development/Netpanzer-V2/masterserver-1.99/libgcrypt-1.6.1/doc/./g
crypt.texi

(/home/jeff/development/Netpanzer-V2/masterserver-1.99/libgcrypt-1.6.1/doc/./gc
rypt.texi
(/home/jeff/development/Netpanzer-V2/masterserver-1.99/libgcrypt-1.6.1/build-au
x/texinfo.tex Loading texinfo [version 2006-10-04.17]: Basics,
\bindingoffset=\dimen16
\normaloffset=\dimen17
\pagewidth=\dimen18
\pageheight=\dimen19
\outerhsize=\dimen20
\outervsize=\dimen21
\cornerlong=\dimen22
\cornerthick=\dimen23
\topandbottommargin=\dimen24
\headlinebox=\box16
\footlinebox=\box17
\margin=\insert252
\EMsimple=\toks13
\groupbox=\box18
\groupinvalidhelp=\toks14
\mil=\dimen25
\exdentamount=\skip18
\inmarginspacing=\skip19
 pdf,
\tempnum=\count27
\lnkcount=\count28
\filename=\toks15
\filenamelength=\count29
\pgn=\count30
\toksA=\toks16
\toksB=\toks17
\toksC=\toks18
\toksD=\toks19
\boxA=\box19
\countA=\count31
 fonts,
\sffam=\fam8
\textleading=\dimen26
\fontdepth=\count32

page headings,
\titlepagetopglue=\skip20
\titlepagebottomglue=\skip21
\evenheadline=\toks20
\oddheadline=\toks21
\evenfootline=\toks22
\oddfootline=\toks23
 tables,
\tableindent=\dimen27
\itemindent=\dimen28
\itemmargin=\dimen29
\itemmax=\dimen30
\itemno=\count33
\multitableparskip=\skip22
\multitableparindent=\skip23
\multitablecolspace=\dimen31
\multitablelinespace=\skip24
\colcount=\count34
\everytab=\toks24
 conditionals,
\doignorecount=\count35
 indexing,
\secondaryindent=\skip25
\partialpage=\box20
\doublecolumnhsize=\dimen32
 sectioning,
\unnumberedno=\count36
\chapno=\count37
\secno=\count38
\subsecno=\count39
\subsubsecno=\count40
\appendixno=\count41
\absseclevel=\count42
\secbase=\count43
\chapheadingskip=\skip26
\secheadingskip=\skip27
\subsecheadingskip=\skip28
 toc,
\tocfile=\write0
\contentsrightmargin=\skip29
\savepageno=\count44
\lastnegativepageno=\count45
\tocindent=\dimen33
 environments,
\errorbox=\box21
\lispnarrowing=\skip30
\envskipamount=\skip31
\circthick=\dimen34
\cartouter=\dimen35
\cartinner=\dimen36
\normbskip=\skip32
\normpskip=\skip33
\normlskip=\skip34
\lskip=\skip35
\rskip=\skip36
\tabw=\dimen37

defuns,
\defbodyindent=\skip37
\defargsindent=\skip38
\deflastargmargin=\skip39
\parencount=\count46
\brackcount=\count47
 macros,
\paramno=\count48
\macname=\toks25
 cross references,
\auxfile=\write1
\savesfregister=\count49
 insertions,
\footnoteno=\count50
\SAVEfootins=\box22
\SAVEmargin=\box23

(/usr/share/texmf/tex/generic/epsf/epsf.tex
This is `epsf.tex' v2.7.4 <14 February 2011>
\epsffilein=\read1
\epsfframemargin=\dimen38
\epsfframethickness=\dimen39
\epsfrsize=\dimen40
\epsftmp=\dimen41
\epsftsize=\dimen42
\epsfxsize=\dimen43
\epsfysize=\dimen44
\pspoints=\dimen45
)
\noepsfhelp=\toks26
 localization,
\nolanghelp=\toks27
\defaultparindent=\dimen46
 and turning on texinfo input format.) (./gcrypt.aux)
\openout1 = `gcrypt.aux'.

@cpindfile=@write2
@fnindfile=@write3
@vrindfile=@write4
@tpindfile=@write5
@kyindfile=@write6
@pgindfile=@write7

(/home/jeff/development/Netpanzer-V2/masterserver-1.99/libgcrypt-1.6.1/doc/vers
ion.texi) [1
\openout2 = `gcrypt.cp'.

\openout3 = `gcrypt.fn'.

\openout4 = `gcrypt.vr'.

\openout5 = `gcrypt.tp'.

\openout6 = `gcrypt.ky'.

\openout7 = `gcrypt.pg'.

] [2] (./gcrypt.toc) [-1] [-2] (./gcrypt.toc [-3] [-4]) [-5]
[-6] Chapter 1
\openout0 = `gcrypt.toc'.

 Chapter 2 [1] [2] [3] [4] [5] [6]
Underfull \hbox (badness 5245) in paragraph at lines 524--531
 []@textrm This macro de-fines the fol-low-ing (static) sym-bols: @texttt gcry_
pth_init[]@textrm ,

@hbox(8.2125+2.73749)x433.62, glue set 3.7442
.@glue(@leftskip) 57.81621
.@hbox(0.0+0.0)x0.0
.@textrm T
.@textrm h
.@textrm i
.etc.


Underfull \hbox (badness 3179) in paragraph at lines 524--531
 @texttt gcry_pth_mutex_init[]@textrm , @texttt gcry_pth_mutex_destroy[]@textrm
 , @texttt gcry_pth_mutex_lock[]@textrm ,

@hbox(6.69167+2.43333)x433.62, glue set 3.1688
.@glue(@leftskip) 57.81621
.@texttt g
.@texttt c
.@texttt r
.@texttt y
.etc.


Underfull \hbox (badness 6876) in paragraph at lines 524--531
 @texttt gcry_pth_mutex_unlock[]@textrm , @texttt gcry_pth_read[]@textrm , @tex
ttt gcry_pth_write[]@textrm , @texttt gcry_pth_

@hbox(6.69167+2.43333)x433.62, glue set 4.09918
.@glue(@leftskip) 57.81621
.@texttt g
.@texttt c
.@texttt r
.@texttt y
.etc.


Underfull \hbox (badness 10000) in paragraph at lines 524--531
 @texttt select[]@textrm , @texttt gcry_pth_waitpid[]@textrm , @texttt gcry_pth
_accept[]@textrm , @texttt gcry_pth_connect[]@textrm ,

@hbox(6.69167+2.43333)x433.62, glue set 7.01472
.@glue(@leftskip) 57.81621
.@texttt s
.@texttt e
.@texttt l
.@texttt e
.etc.


Underfull \hbox (badness 6157) in paragraph at lines 543--547
 []@textrm This macro de-fines the fol-low-ing (static) sym-bols: @texttt gcry_
pthread_

@hbox(8.2125+2.73749)x433.62, glue set 3.95253
.@glue(@leftskip) 57.81621
.@hbox(0.0+0.0)x0.0
.@textrm T
.@textrm h
.@textrm i
.etc.


Underfull \hbox (badness 10000) in paragraph at lines 543--547
 @texttt mutex_init[]@textrm , @texttt gcry_pthread_mutex_destroy[]@textrm , @t
exttt gcry_pthread_mutex_lock[]@textrm ,

@hbox(6.69167+2.43333)x433.62, glue set 4.42879
.@glue(@leftskip) 57.81621
.@texttt m
.@texttt u
.@texttt t
.@texttt e
.etc.

[7] [8] Chapter 3 [9] [10] [11] [12] [13] [14] [15] [16] [17] [18] [19]
[20] Chapter 4 [21] [22] [23]
Underfull \hbox (badness 4291) in paragraph at lines 1485--1486
 []@textrm This type is de-fined as: @texttt int (*gcry_handler_no_mem_t) (void
 *, size_t,

@hbox(7.60416+2.43333)x433.62, glue set 3.50194
.@glue(@leftskip) 28.90755
.@hbox(0.0+0.0)x0.0
.@textrm T
.@textrm h
.@textrm i
.etc.

[24] Chapter 5 [25] [26] [27] [28] [29] [30] [31] [32] [33] Chapter 6 [34]
[35] [36] [37] [38] [39] [40] [41] [42] [43] [44] [45] [46] Chapter 7 [47]
[48] [49] [50] [51] [52] [53] [54] Chapter 8 [55] [56] [57] [58] [59] [60]
Chapter 9 [61] [62] Chapter 10 [63] [64]
Underfull \hbox (badness 2486) in paragraph at lines 3883--3886
 @textrm GCRY[]STRONG[]RANDOM. If you do not want this, con-sider us-ing

@hbox(7.60416+2.12917)x433.62, glue set 2.92197
.@glue(@leftskip) 57.81621
.@textrm G
.@textrm C
.@textrm R
.@kern-0.91252
.etc.

Chapter 11 [65] [66] [67] [68] [69] [70] Chapter 12 [71] [72] [73] [74]
[75] [76] [77] [78] [79] [80] Chapter 13 [81] [82] Chapter 14 [83] [84]
[85] Chapter 15 [86] Chapter 16 [87] [88]
@Figurefloatno=@count51

(libgcrypt-modules.eps
)
[89] [90] [91]
Missing character: There is no Â in font cmr9!
Missing character: There is no ­ in font cmr9!
 [92] [93] Appendix A [94] [95]
Underfull \hbox (badness 4024) in paragraph at lines 5792--5795
 []@textrm Conversion of S-expression to in-ter-nal for-mat. (@texttt cipher/rs
a.c:

@hbox(8.2125+2.73749)x433.62, glue set 3.42793
.@glue(@leftskip) 79.49742
.@hbox(7.05666+0.0)x0.0, glue set - 15.74411fil
..@glue 0.0 plus 1.0fil minus 1.0fil
..@textrm 1
..@textrm .
..@kern 7.22743
.@textrm C
.@textrm o
.@textrm n
.etc.

[96]
Underfull \hbox (badness 4024) in paragraph at lines 5812--5815
 []@textrm Conversion of S-expression to in-ter-nal for-mat. (@texttt cipher/ds
a.c:

@hbox(8.2125+2.73749)x433.62, glue set 3.42793
.@glue(@leftskip) 79.49742
.@hbox(7.05666+0.0)x0.0, glue set - 15.74411fil
..@glue 0.0 plus 1.0fil minus 1.0fil
..@textrm 1
..@textrm .
..@kern 7.22743
.@textrm C
.@textrm o
.@textrm n
.etc.

[97]
Underfull \hbox (badness 10000) in paragraph at lines 5944--5947
 []@textrm (@texttt cipher/sha1.c:selftests_sha1[]@textrm , @texttt cipher/sha2
56.c:selftests_sha224[]@textrm ,

@hbox(8.2125+2.73749)x433.62, glue set 7.40425
.@glue(@leftskip) 57.81621
.@hbox(0.0+0.0)x0.0
.@textrm (
.@texttt c
.@texttt i
.etc.


Underfull \hbox (badness 10000) in paragraph at lines 5955--5957
 []@textrm (@texttt cipher/sha512.c:selftests_sha384[]@textrm , @texttt cipher/
sha512.c:selftests_

@hbox(8.2125+2.73749)x433.62, glue set 13.77757
.@glue(@leftskip) 57.81621
.@hbox(0.0+0.0)x0.0
.@textrm (
.@texttt c
.@texttt i
.etc.

[98]
Underfull \hbox (badness 10000) in paragraph at lines 5991--5995
 []@textrm (@texttt cipher/hmac-tests.c:selftests_sha224[]@textrm , @texttt cip
her/hmac-tests.c:

@hbox(8.2125+2.73749)x433.62, glue set 18.81755
.@glue(@leftskip) 57.81621
.@hbox(0.0+0.0)x0.0
.@textrm (
.@texttt c
.@texttt i
.etc.


Underfull \hbox (badness 10000) in paragraph at lines 5991--5995
 @texttt selftests_sha256[]@textrm , @texttt cipher/hmac-tests.c:selftests_sha3
84[]@textrm , @texttt cipher/

@hbox(7.60416+2.43333)x433.62, glue set 5.09546
.@glue(@leftskip) 57.81621
.@texttt s
.@texttt e
.@texttt l
.@texttt f
.etc.

Appendix B [99] [100] [101]
(fips-fsm.eps
)
@Tablefloatno=@count52
[102]
Underfull \hbox (badness 10000) in paragraph at lines 6239--6242
 @texttt 15[]@textrm Operational to Fatal-Error is trig-gered if Libcrypt en-co
un-tered a

@hbox(7.60416+2.12917)x433.62, glue set 4.45872
.@glue(@leftskip) 57.81621
.@penalty 10000
.@kern -57.81621
.@texttt 1
.@texttt 5
.etc.

[103] [104]
Overfull \vbox (48.31252pt too high) has occurred while \output is active
\vbox(643.19986+4.0)x433.62
.\glue(\topskip) 36.0
.\vbox(0.0+659.51237)x433.62
..\write1{@xrdef{tbl:fips-state-transitions-pg}{\folio }}
..\glue 3.0 plus 2.0 minus 1.0
..\glue(\parskip) 3.0 plus 2.0 minus 1.0
..\hbox(8.2125+2.73749)x433.62, glue set 205.16014fil
...\textrm T
...\textrm h
...\textrm e
...\glue 3.65 plus 1.825 minus 1.21666
...\textrm v
...etc.
..\penalty -50
..etc.


[105]
(/home/jeff/development/Netpanzer-V2/masterserver-1.99/libgcrypt-1.6.1/doc/lgpl
.texi (GNU Lesser General Public License) [106] [107]
Underfull \hbox (badness 2368) in paragraph at lines 122--122
[]@secrm TERMS AND CON-DI-TIONS FOR COPY-ING, 

@hbox(9.87999+2.79999)x433.62, glue set 2.87518
.@hbox(0.0+0.0)x0.0
.@secrm T
.@secrm E
.@secrm R
.@secrm M
.etc.

[108] [109] [110] [111] [112] [113] [114])
(/home/jeff/development/Netpanzer-V2/masterserver-1.99/libgcrypt-1.6.1/doc/gpl.
texi (GNU General Public License) [115] [116]
Underfull \hbox (badness 2368) in paragraph at lines 66--66
[]@secrm TERMS AND CON-DI-TIONS FOR COPY-ING, 

@hbox(9.87999+2.79999)x433.62, glue set 2.87518
.@hbox(0.0+0.0)x0.0
.@secrm T
.@secrm E
.@secrm R
.@secrm M
.etc.

[117] [118] [119] [120] [121]) (List of Figures and Tables) [122]
(Concept Index) [123] [124] (./gcrypt.cps [125]) (Function and Data Index)
[126] (./gcrypt.fns [127]) [128] ) 
Here is how much of TeX's memory you used:
 1817 strings out of 494903
 24398 string characters out of 6161829
 65627 words of memory out of 5000000
 3372 multiletter control sequences out of 15000+600000
 32127 words of font info for 112 fonts, out of 8000000 for 9000
 1269 hyphenation exceptions out of 8191
 16i,6n,23p,385b,495s stack positions out of 5000i,500n,10000p,200000b,80000s

Output written on gcrypt.dvi (136 pages, 466520 bytes).
