This file contains any messages produced by compilers while
running configure, to aid debugging if configure makes a mistake.

It was created by masterserver configure 0.2.9, which was
generated by GNU Autoconf 2.69.  Invocation command line was

  $ ./configure 

## --------- ##
## Platform. ##
## --------- ##

hostname = ws2
uname -m = x86_64
uname -r = 3.11.10-11-desktop
uname -s = Linux
uname -v = #1 SMP PREEMPT Mon May 12 13:37:06 UTC 2014 (3d22b5f)

/usr/bin/uname -p = x86_64
/bin/uname -X     = unknown

/bin/arch              = x86_64
/usr/bin/arch -k       = unknown
/usr/convex/getsysinfo = unknown
/usr/bin/hostinfo      = unknown
/bin/machine           = unknown
/usr/bin/oslevel       = unknown
/bin/universe          = unknown

PATH: /usr/lib64/mpi/gcc/openmpi/bin
PATH: /home/jeff/bin
PATH: /usr/local/bin
PATH: /usr/bin
PATH: /bin
PATH: /usr/bin/X11
PATH: /usr/X11R6/bin
PATH: /usr/games
PATH: /opt/kde3/bin
PATH: /usr/brlcad/bin
PATH: /usr/lib/mit/bin
PATH: /usr/lib/mit/sbin
PATH: /usr/lib/qt3/bin


## ----------- ##
## Core tests. ##
## ----------- ##

configure:2145: loading site script /usr/share/site/x86_64-unknown-linux-gnu
| #!/bin/sh
| # Site script for configure. It is resourced via $CONFIG_SITE environment varaible.
| 
| # If user did not specify libdir, guess the correct target:
| # Use lib64 for 64 bit bi-arch targets, keep the default for the rest.
| if test "$libdir" = '${exec_prefix}/lib' ; then
| 
| 	ac_config_site_64bit_host=NONE
| 
| 	case "$host" in
| 	"" )
| 		# User did not specify host target.
| 		# The native platform x86_64 is a bi-arch platform.
| 		# Try to detect cross-compilation to inferior architecture.
| 
| 		# We are trying to guess 32-bit target compilation. It's not as easy as
| 		# it sounds, as there is possible several intermediate combinations.
| 		ac_config_site_cross_to_32bit_host=NONE
| 
| 		# User defined -m32 in CFLAGS or CXXFLAGS:
| 		# (It's sufficient for 32-bit, but alone may cause mis-behavior of some checks.)
| 		case "$CFLAGS" in
| 		*-m32*)
| 			ac_config_site_cross_to_32bit_host=YES
| 			;;
| 		esac
| 		case "$CXXFLAGS" in
| 		*-m32*)
| 			ac_config_site_cross_to_32bit_host=YES
| 			;;
| 		esac
| 
| 		# Running with linux32:
| 		# (Changes detected platform, but not the toolchain target.)
| 		case "`/bin/uname -i`" in
| 		x86_64 | ppc64 | s390x )
| 			;;
| 		* )
| 			ac_config_site_cross_to_32bit_host=YES
| 			;;
| 		esac
| 
| 		if test "x$ac_config_site_cross_to_32bit_host" = xNONE; then
| 			ac_config_site_64bit_host=YES
| 		fi
| 
| 		;;
| 	*x86_64* | *ppc64* | *s390x* )
| 		ac_config_site_64bit_host=YES
| 		;;
| 	esac
| 
| 	if test "x$ac_config_site_64bit_host" = xYES; then
| 		libdir='${exec_prefix}/lib64'
| 	fi
| fi
| 
| # If user did not specify libexecdir, set the correct target:
| # Nor FHS nor openSUSE allow prefix/libexec. Let's default to prefix/lib.
| 
| if test "$libexecdir" = '${exec_prefix}/libexec' ; then
| 	libexecdir='${exec_prefix}/lib'
| fi
| 
| # Continue with the standard behavior of configure defined in AC_SITE_LOAD:
| if test "x$prefix" != xNONE; then
| 	ac_site_file1=$prefix/share/config.site
| 	ac_site_file2=$prefix/etc/config.site
| else
| 	ac_site_file1=$ac_default_prefix/share/config.site
| 	ac_site_file2=$ac_default_prefix/etc/config.site
| fi
| for ac_site_file in "$ac_site_file1" "$ac_site_file2"
| do
| 	test "x$ac_site_file" = xNONE && continue
| 	if test /dev/null != "$ac_site_file" && test -r "$ac_site_file"; then
| 		{ $as_echo "/usr/share/site/x86_64-unknown-linux-gnu:${as_lineno-$LINENO}: loading site script $ac_site_file" >&5
| $as_echo "/usr/share/site/x86_64-unknown-linux-gnu: loading site script $ac_site_file" >&6;}
| 		sed 's/^/| /' "$ac_site_file" >&5
| 		. "$ac_site_file" \
| 			|| { { $as_echo "/usr/share/site/x86_64-unknown-linux-gnu:${as_lineno-$LINENO}: error: in \`$ac_pwd':" >&5
| $as_echo "/usr/share/site/x86_64-unknown-linux-gnu: error: in \`$ac_pwd':" >&2;}
| as_fn_error $? "failed to load site script $ac_site_file
| See \`config.log' for more details" "$LINENO" 5; }
| 	fi
| done
configure:2287: checking for a BSD-compatible install
configure:2355: result: /usr/bin/install -c
configure:2366: checking whether build environment is sane
configure:2421: result: yes
configure:2459: WARNING: 'missing' script is too old or missing
configure:2572: checking for a thread-safe mkdir -p
configure:2611: result: /usr/bin/mkdir -p
configure:2618: checking for gawk
configure:2634: found /usr/bin/gawk
configure:2645: result: gawk
configure:2656: checking whether make sets $(MAKE)
configure:2678: result: yes
configure:2707: checking whether make supports nested variables
configure:2724: result: yes
configure:2860: checking for gcc
configure:2876: found /usr/bin/gcc
configure:2887: result: gcc
configure:3116: checking for C compiler version
configure:3125: gcc --version >&5
gcc (SUSE Linux) 4.8.1 20130909 [gcc-4_8-branch revision 202388]
Copyright (C) 2013 Free Software Foundation, Inc.
This is free software; see the source for copying conditions.  There is NO
warranty; not even for MERCHANTABILITY or FITNESS FOR A PARTICULAR PURPOSE.

configure:3136: $? = 0
configure:3125: gcc -v >&5
Using built-in specs.
COLLECT_GCC=gcc
COLLECT_LTO_WRAPPER=/usr/lib64/gcc/x86_64-suse-linux/4.8/lto-wrapper
Target: x86_64-suse-linux
Configured with: ../configure --prefix=/usr --infodir=/usr/share/info --mandir=/usr/share/man --libdir=/usr/lib64 --libexecdir=/usr/lib64 --enable-languages=c,c++,objc,fortran,obj-c++,java,ada --enable-checking=release --with-gxx-include-dir=/usr/include/c++/4.8 --enable-ssp --disable-libssp --disable-plugin --with-bugurl=http://bugs.opensuse.org/ --with-pkgversion='SUSE Linux' --disable-libgcj --disable-libmudflap --with-slibdir=/lib64 --with-system-zlib --enable-__cxa_atexit --enable-libstdcxx-allocator=new --disable-libstdcxx-pch --enable-version-specific-runtime-libs --enable-linker-build-id --program-suffix=-4.8 --enable-linux-futex --without-system-libunwind --with-arch-32=i586 --with-tune=generic --build=x86_64-suse-linux
Thread model: posix
gcc version 4.8.1 20130909 [gcc-4_8-branch revision 202388] (SUSE Linux) 
configure:3136: $? = 0
configure:3125: gcc -V >&5
gcc: error: unrecognized command line option '-V'
gcc: fatal error: no input files
compilation terminated.
configure:3136: $? = 1
configure:3125: gcc -qversion >&5
gcc: error: unrecognized command line option '-qversion'
gcc: fatal error: no input files
compilation terminated.
configure:3136: $? = 1
configure:3156: checking whether the C compiler works
configure:3178: gcc    conftest.c  >&5
configure:3182: $? = 0
configure:3230: result: yes
configure:3233: checking for C compiler default output file name
configure:3235: result: a.out
configure:3241: checking for suffix of executables
configure:3248: gcc -o conftest    conftest.c  >&5
configure:3252: $? = 0
configure:3274: result: 
configure:3296: checking whether we are cross compiling
configure:3304: gcc -o conftest    conftest.c  >&5
configure:3308: $? = 0
configure:3315: ./conftest
configure:3319: $? = 0
configure:3334: result: no
configure:3339: checking for suffix of object files
configure:3361: gcc -c   conftest.c >&5
configure:3365: $? = 0
configure:3386: result: o
configure:3390: checking whether we are using the GNU C compiler
configure:3409: gcc -c   conftest.c >&5
configure:3409: $? = 0
configure:3418: result: yes
configure:3427: checking whether gcc accepts -g
configure:3447: gcc -c -g  conftest.c >&5
configure:3447: $? = 0
configure:3488: result: yes
configure:3505: checking for gcc option to accept ISO C89
configure:3568: gcc  -c -g -O2  conftest.c >&5
configure:3568: $? = 0
configure:3581: result: none needed
configure:3612: checking for style of include used by make
configure:3640: result: GNU
configure:3666: checking dependency style of gcc
configure:3777: result: gcc3
configure:3850: checking for g++
configure:3866: found /usr/bin/g++
configure:3877: result: g++
configure:3904: checking for C++ compiler version
configure:3913: g++ --version >&5
g++ (SUSE Linux) 4.8.1 20130909 [gcc-4_8-branch revision 202388]
Copyright (C) 2013 Free Software Foundation, Inc.
This is free software; see the source for copying conditions.  There is NO
warranty; not even for MERCHANTABILITY or FITNESS FOR A PARTICULAR PURPOSE.

configure:3924: $? = 0
configure:3913: g++ -v >&5
Using built-in specs.
COLLECT_GCC=g++
COLLECT_LTO_WRAPPER=/usr/lib64/gcc/x86_64-suse-linux/4.8/lto-wrapper
Target: x86_64-suse-linux
Configured with: ../configure --prefix=/usr --infodir=/usr/share/info --mandir=/usr/share/man --libdir=/usr/lib64 --libexecdir=/usr/lib64 --enable-languages=c,c++,objc,fortran,obj-c++,java,ada --enable-checking=release --with-gxx-include-dir=/usr/include/c++/4.8 --enable-ssp --disable-libssp --disable-plugin --with-bugurl=http://bugs.opensuse.org/ --with-pkgversion='SUSE Linux' --disable-libgcj --disable-libmudflap --with-slibdir=/lib64 --with-system-zlib --enable-__cxa_atexit --enable-libstdcxx-allocator=new --disable-libstdcxx-pch --enable-version-specific-runtime-libs --enable-linker-build-id --program-suffix=-4.8 --enable-linux-futex --without-system-libunwind --with-arch-32=i586 --with-tune=generic --build=x86_64-suse-linux
Thread model: posix
gcc version 4.8.1 20130909 [gcc-4_8-branch revision 202388] (SUSE Linux) 
configure:3924: $? = 0
configure:3913: g++ -V >&5
g++: error: unrecognized command line option '-V'
g++: fatal error: no input files
compilation terminated.
configure:3924: $? = 1
configure:3913: g++ -qversion >&5
g++: error: unrecognized command line option '-qversion'
g++: fatal error: no input files
compilation terminated.
configure:3924: $? = 1
configure:3928: checking whether we are using the GNU C++ compiler
configure:3947: g++ -c   conftest.cpp >&5
configure:3947: $? = 0
configure:3956: result: yes
configure:3965: checking whether g++ accepts -g
configure:3985: g++ -c -g  conftest.cpp >&5
configure:3985: $? = 0
configure:4026: result: yes
configure:4051: checking dependency style of g++
configure:4162: result: gcc3
configure:4180: checking whether g++ is new enough
configure:4208: g++ -c -g -O2  conftest.cpp >&5
configure:4208: $? = 0
configure:4209: result: yes
configure:4230: checking for gethostbyname
configure:4230: gcc -o conftest -g -O2   conftest.c  >&5
configure:4230: $? = 0
configure:4230: result: yes
configure:4230: checking for inet_ntoa
configure:4230: gcc -o conftest -g -O2   conftest.c  >&5
configure:4230: $? = 0
configure:4230: result: yes
configure:4230: checking for memset
configure:4230: gcc -o conftest -g -O2   conftest.c  >&5
conftest.c:36:6: warning: conflicting types for built-in function 'memset' [enabled by default]
 char memset ();
      ^
configure:4230: $? = 0
configure:4230: result: yes
configure:4230: checking for socket
configure:4230: gcc -o conftest -g -O2   conftest.c  >&5
configure:4230: $? = 0
configure:4230: result: yes
configure:4230: checking for strerror
configure:4230: gcc -o conftest -g -O2   conftest.c  >&5
configure:4230: $? = 0
configure:4230: result: yes
configure:4244: checking how to run the C preprocessor
configure:4275: gcc -E  conftest.c
configure:4275: $? = 0
configure:4289: gcc -E  conftest.c
conftest.c:16:28: fatal error: ac_nonexistent.h: No such file or directory
 #include <ac_nonexistent.h>
                            ^
compilation terminated.
configure:4289: $? = 1
configure: failed program was:
| /* confdefs.h */
| #define PACKAGE_NAME "masterserver"
| #define PACKAGE_TARNAME "masterserver"
| #define PACKAGE_VERSION "0.2.9"
| #define PACKAGE_STRING "masterserver 0.2.9"
| #define PACKAGE_BUGREPORT ""
| #define PACKAGE_URL ""
| #define PACKAGE "masterserver"
| #define VERSION "0.2.9"
| #define HAVE_GETHOSTBYNAME 1
| #define HAVE_INET_NTOA 1
| #define HAVE_MEMSET 1
| #define HAVE_SOCKET 1
| #define HAVE_STRERROR 1
| /* end confdefs.h.  */
| #include <ac_nonexistent.h>
configure:4314: result: gcc -E
configure:4334: gcc -E  conftest.c
configure:4334: $? = 0
configure:4348: gcc -E  conftest.c
conftest.c:16:28: fatal error: ac_nonexistent.h: No such file or directory
 #include <ac_nonexistent.h>
                            ^
compilation terminated.
configure:4348: $? = 1
configure: failed program was:
| /* confdefs.h */
| #define PACKAGE_NAME "masterserver"
| #define PACKAGE_TARNAME "masterserver"
| #define PACKAGE_VERSION "0.2.9"
| #define PACKAGE_STRING "masterserver 0.2.9"
| #define PACKAGE_BUGREPORT ""
| #define PACKAGE_URL ""
| #define PACKAGE "masterserver"
| #define VERSION "0.2.9"
| #define HAVE_GETHOSTBYNAME 1
| #define HAVE_INET_NTOA 1
| #define HAVE_MEMSET 1
| #define HAVE_SOCKET 1
| #define HAVE_STRERROR 1
| /* end confdefs.h.  */
| #include <ac_nonexistent.h>
configure:4377: checking for grep that handles long lines and -e
configure:4435: result: /usr/bin/grep
configure:4440: checking for egrep
configure:4502: result: /usr/bin/grep -E
configure:4507: checking for ANSI C header files
configure:4527: gcc -c -g -O2  conftest.c >&5
configure:4527: $? = 0
configure:4600: gcc -o conftest -g -O2   conftest.c  >&5
configure:4600: $? = 0
configure:4600: ./conftest
configure:4600: $? = 0
configure:4611: result: yes
configure:4624: checking for sys/types.h
configure:4624: gcc -c -g -O2  conftest.c >&5
configure:4624: $? = 0
configure:4624: result: yes
configure:4624: checking for sys/stat.h
configure:4624: gcc -c -g -O2  conftest.c >&5
configure:4624: $? = 0
configure:4624: result: yes
configure:4624: checking for stdlib.h
configure:4624: gcc -c -g -O2  conftest.c >&5
configure:4624: $? = 0
configure:4624: result: yes
configure:4624: checking for string.h
configure:4624: gcc -c -g -O2  conftest.c >&5
configure:4624: $? = 0
configure:4624: result: yes
configure:4624: checking for memory.h
configure:4624: gcc -c -g -O2  conftest.c >&5
configure:4624: $? = 0
configure:4624: result: yes
configure:4624: checking for strings.h
configure:4624: gcc -c -g -O2  conftest.c >&5
configure:4624: $? = 0
configure:4624: result: yes
configure:4624: checking for inttypes.h
configure:4624: gcc -c -g -O2  conftest.c >&5
configure:4624: $? = 0
configure:4624: result: yes
configure:4624: checking for stdint.h
configure:4624: gcc -c -g -O2  conftest.c >&5
configure:4624: $? = 0
configure:4624: result: yes
configure:4624: checking for unistd.h
configure:4624: gcc -c -g -O2  conftest.c >&5
configure:4624: $? = 0
configure:4624: result: yes
configure:4639: checking arpa/inet.h usability
configure:4639: gcc -c -g -O2  conftest.c >&5
configure:4639: $? = 0
configure:4639: result: yes
configure:4639: checking arpa/inet.h presence
configure:4639: gcc -E  conftest.c
configure:4639: $? = 0
configure:4639: result: yes
configure:4639: checking for arpa/inet.h
configure:4639: result: yes
configure:4639: checking netdb.h usability
configure:4639: gcc -c -g -O2  conftest.c >&5
configure:4639: $? = 0
configure:4639: result: yes
configure:4639: checking netdb.h presence
configure:4639: gcc -E  conftest.c
configure:4639: $? = 0
configure:4639: result: yes
configure:4639: checking for netdb.h
configure:4639: result: yes
configure:4639: checking netinet/in.h usability
configure:4639: gcc -c -g -O2  conftest.c >&5
configure:4639: $? = 0
configure:4639: result: yes
configure:4639: checking netinet/in.h presence
configure:4639: gcc -E  conftest.c
configure:4639: $? = 0
configure:4639: result: yes
configure:4639: checking for netinet/in.h
configure:4639: result: yes
configure:4639: checking for stdlib.h
configure:4639: result: yes
configure:4639: checking for string.h
configure:4639: result: yes
configure:4639: checking sys/socket.h usability
configure:4639: gcc -c -g -O2  conftest.c >&5
configure:4639: $? = 0
configure:4639: result: yes
configure:4639: checking sys/socket.h presence
configure:4639: gcc -E  conftest.c
configure:4639: $? = 0
configure:4639: result: yes
configure:4639: checking for sys/socket.h
configure:4639: result: yes
configure:4639: checking for unistd.h
configure:4639: result: yes
configure:4649: checking for stdbool.h that conforms to C99
configure:4716: gcc -c -g -O2  conftest.c >&5
configure:4716: $? = 0
configure:4723: result: yes
configure:4725: checking for _Bool
configure:4725: gcc -c -g -O2  conftest.c >&5
configure:4725: $? = 0
configure:4725: gcc -c -g -O2  conftest.c >&5
conftest.c: In function 'main':
conftest.c:69:20: error: expected expression before ')' token
 if (sizeof ((_Bool)))
                    ^
configure:4725: $? = 1
configure: failed program was:
| /* confdefs.h */
| #define PACKAGE_NAME "masterserver"
| #define PACKAGE_TARNAME "masterserver"
| #define PACKAGE_VERSION "0.2.9"
| #define PACKAGE_STRING "masterserver 0.2.9"
| #define PACKAGE_BUGREPORT ""
| #define PACKAGE_URL ""
| #define PACKAGE "masterserver"
| #define VERSION "0.2.9"
| #define HAVE_GETHOSTBYNAME 1
| #define HAVE_INET_NTOA 1
| #define HAVE_MEMSET 1
| #define HAVE_SOCKET 1
| #define HAVE_STRERROR 1
| #define STDC_HEADERS 1
| #define HAVE_SYS_TYPES_H 1
| #define HAVE_SYS_STAT_H 1
| #define HAVE_STDLIB_H 1
| #define HAVE_STRING_H 1
| #define HAVE_MEMORY_H 1
| #define HAVE_STRINGS_H 1
| #define HAVE_INTTYPES_H 1
| #define HAVE_STDINT_H 1
| #define HAVE_UNISTD_H 1
| #define HAVE_ARPA_INET_H 1
| #define HAVE_NETDB_H 1
| #define HAVE_NETINET_IN_H 1
| #define HAVE_STDLIB_H 1
| #define HAVE_STRING_H 1
| #define HAVE_SYS_SOCKET_H 1
| #define HAVE_UNISTD_H 1
| /* end confdefs.h.  */
| #include <stdio.h>
| #ifdef HAVE_SYS_TYPES_H
| # include <sys/types.h>
| #endif
| #ifdef HAVE_SYS_STAT_H
| # include <sys/stat.h>
| #endif
| #ifdef STDC_HEADERS
| # include <stdlib.h>
| # include <stddef.h>
| #else
| # ifdef HAVE_STDLIB_H
| #  include <stdlib.h>
| # endif
| #endif
| #ifdef HAVE_STRING_H
| # if !defined STDC_HEADERS && defined HAVE_MEMORY_H
| #  include <memory.h>
| # endif
| # include <string.h>
| #endif
| #ifdef HAVE_STRINGS_H
| # include <strings.h>
| #endif
| #ifdef HAVE_INTTYPES_H
| # include <inttypes.h>
| #endif
| #ifdef HAVE_STDINT_H
| # include <stdint.h>
| #endif
| #ifdef HAVE_UNISTD_H
| # include <unistd.h>
| #endif
| int
| main ()
| {
| if (sizeof ((_Bool)))
| 	    return 0;
|   ;
|   return 0;
| }
configure:4725: result: yes
configure:4742: checking for an ANSI C-conforming const
configure:4808: gcc -c -g -O2  conftest.c >&5
configure:4808: $? = 0
configure:4815: result: yes
configure:4823: checking for working volatile
configure:4842: gcc -c -g -O2  conftest.c >&5
configure:4842: $? = 0
configure:4849: result: yes
configure:4857: checking for size_t
configure:4857: gcc -c -g -O2  conftest.c >&5
configure:4857: $? = 0
configure:4857: gcc -c -g -O2  conftest.c >&5
conftest.c: In function 'main':
conftest.c:71:21: error: expected expression before ')' token
 if (sizeof ((size_t)))
                     ^
configure:4857: $? = 1
configure: failed program was:
| /* confdefs.h */
| #define PACKAGE_NAME "masterserver"
| #define PACKAGE_TARNAME "masterserver"
| #define PACKAGE_VERSION "0.2.9"
| #define PACKAGE_STRING "masterserver 0.2.9"
| #define PACKAGE_BUGREPORT ""
| #define PACKAGE_URL ""
| #define PACKAGE "masterserver"
| #define VERSION "0.2.9"
| #define HAVE_GETHOSTBYNAME 1
| #define HAVE_INET_NTOA 1
| #define HAVE_MEMSET 1
| #define HAVE_SOCKET 1
| #define HAVE_STRERROR 1
| #define STDC_HEADERS 1
| #define HAVE_SYS_TYPES_H 1
| #define HAVE_SYS_STAT_H 1
| #define HAVE_STDLIB_H 1
| #define HAVE_STRING_H 1
| #define HAVE_MEMORY_H 1
| #define HAVE_STRINGS_H 1
| #define HAVE_INTTYPES_H 1
| #define HAVE_STDINT_H 1
| #define HAVE_UNISTD_H 1
| #define HAVE_ARPA_INET_H 1
| #define HAVE_NETDB_H 1
| #define HAVE_NETINET_IN_H 1
| #define HAVE_STDLIB_H 1
| #define HAVE_STRING_H 1
| #define HAVE_SYS_SOCKET_H 1
| #define HAVE_UNISTD_H 1
| #define HAVE__BOOL 1
| #define HAVE_STDBOOL_H 1
| /* end confdefs.h.  */
| #include <stdio.h>
| #ifdef HAVE_SYS_TYPES_H
| # include <sys/types.h>
| #endif
| #ifdef HAVE_SYS_STAT_H
| # include <sys/stat.h>
| #endif
| #ifdef STDC_HEADERS
| # include <stdlib.h>
| # include <stddef.h>
| #else
| # ifdef HAVE_STDLIB_H
| #  include <stdlib.h>
| # endif
| #endif
| #ifdef HAVE_STRING_H
| # if !defined STDC_HEADERS && defined HAVE_MEMORY_H
| #  include <memory.h>
| # endif
| # include <string.h>
| #endif
| #ifdef HAVE_STRINGS_H
| # include <strings.h>
| #endif
| #ifdef HAVE_INTTYPES_H
| # include <inttypes.h>
| #endif
| #ifdef HAVE_STDINT_H
| # include <stdint.h>
| #endif
| #ifdef HAVE_UNISTD_H
| # include <unistd.h>
| #endif
| int
| main ()
| {
| if (sizeof ((size_t)))
| 	    return 0;
|   ;
|   return 0;
| }
configure:4857: result: yes
configure:4869: checking for debug mode
configure:4884: result: disabled
configure:4999: checking that generated files are newer than configure
configure:5005: result: done
configure:5032: creating ./config.status

## ---------------------- ##
## Running config.status. ##
## ---------------------- ##

This file was extended by masterserver config.status 0.2.9, which was
generated by GNU Autoconf 2.69.  Invocation command line was

  CONFIG_FILES    = 
  CONFIG_HEADERS  = 
  CONFIG_LINKS    = 
  CONFIG_COMMANDS = 
  $ ./config.status 

on ws2

config.status:875: creating Makefile
config.status:875: creating docs/Makefile
config.status:875: creating src/Makefile
config.status:875: creating exampleclient/Makefile
config.status:875: creating config.h
config.status:1056: config.h is unchanged
config.status:1104: executing depfiles commands

## ---------------- ##
## Cache variables. ##
## ---------------- ##

ac_cv_c_compiler_gnu=yes
ac_cv_c_const=yes
ac_cv_c_volatile=yes
ac_cv_cxx_compiler_gnu=yes
ac_cv_env_CCC_set=
ac_cv_env_CCC_value=
ac_cv_env_CC_set=
ac_cv_env_CC_value=
ac_cv_env_CFLAGS_set=
ac_cv_env_CFLAGS_value=
ac_cv_env_CPPFLAGS_set=
ac_cv_env_CPPFLAGS_value=
ac_cv_env_CPP_set=
ac_cv_env_CPP_value=
ac_cv_env_CXXFLAGS_set=
ac_cv_env_CXXFLAGS_value=
ac_cv_env_CXX_set=
ac_cv_env_CXX_value=
ac_cv_env_LDFLAGS_set=
ac_cv_env_LDFLAGS_value=
ac_cv_env_LIBS_set=
ac_cv_env_LIBS_value=
ac_cv_env_build_alias_set=
ac_cv_env_build_alias_value=
ac_cv_env_host_alias_set=
ac_cv_env_host_alias_value=
ac_cv_env_target_alias_set=
ac_cv_env_target_alias_value=
ac_cv_func_gethostbyname=yes
ac_cv_func_inet_ntoa=yes
ac_cv_func_memset=yes
ac_cv_func_socket=yes
ac_cv_func_strerror=yes
ac_cv_header_arpa_inet_h=yes
ac_cv_header_inttypes_h=yes
ac_cv_header_memory_h=yes
ac_cv_header_netdb_h=yes
ac_cv_header_netinet_in_h=yes
ac_cv_header_stdbool_h=yes
ac_cv_header_stdc=yes
ac_cv_header_stdint_h=yes
ac_cv_header_stdlib_h=yes
ac_cv_header_string_h=yes
ac_cv_header_strings_h=yes
ac_cv_header_sys_socket_h=yes
ac_cv_header_sys_stat_h=yes
ac_cv_header_sys_types_h=yes
ac_cv_header_unistd_h=yes
ac_cv_objext=o
ac_cv_path_EGREP='/usr/bin/grep -E'
ac_cv_path_GREP=/usr/bin/grep
ac_cv_path_install='/usr/bin/install -c'
ac_cv_path_mkdir=/usr/bin/mkdir
ac_cv_prog_AWK=gawk
ac_cv_prog_CPP='gcc -E'
ac_cv_prog_ac_ct_CC=gcc
ac_cv_prog_ac_ct_CXX=g++
ac_cv_prog_cc_c89=
ac_cv_prog_cc_g=yes
ac_cv_prog_cxx_g=yes
ac_cv_prog_make_make_set=yes
ac_cv_type__Bool=yes
ac_cv_type_size_t=yes
am_cv_CC_dependencies_compiler_type=gcc3
am_cv_CXX_dependencies_compiler_type=gcc3
am_cv_make_support_nested_variables=yes

## ----------------- ##
## Output variables. ##
## ----------------- ##

ACLOCAL='aclocal-1.13'
AMDEPBACKSLASH='\'
AMDEP_FALSE='#'
AMDEP_TRUE=''
AMTAR='$${TAR-tar}'
AM_BACKSLASH='\'
AM_DEFAULT_V='$(AM_DEFAULT_VERBOSITY)'
AM_DEFAULT_VERBOSITY='1'
AM_V='$(V)'
AUTOCONF='autoconf'
AUTOHEADER='autoheader'
AUTOMAKE='automake-1.13'
AWK='gawk'
CC='gcc'
CCDEPMODE='depmode=gcc3'
CFLAGS='-g -O2'
CPP='gcc -E'
CPPFLAGS=''
CXX='g++'
CXXDEPMODE='depmode=gcc3'
CXXFLAGS='-g -O2'
CYGPATH_W='echo'
DEFS='-DHAVE_CONFIG_H'
DEPDIR='.deps'
ECHO_C=''
ECHO_N='-n'
ECHO_T=''
EGREP='/usr/bin/grep -E'
EXEEXT=''
GREP='/usr/bin/grep'
INSTALL_DATA='${INSTALL} -m 644'
INSTALL_PROGRAM='${INSTALL}'
INSTALL_SCRIPT='${INSTALL}'
INSTALL_STRIP_PROGRAM='$(install_sh) -c -s'
LDFLAGS=''
LIBOBJS=''
LIBS=''
LTLIBOBJS=''
MAKEINFO='makeinfo'
MKDIR_P='/usr/bin/mkdir -p'
OBJEXT='o'
PACKAGE='masterserver'
PACKAGE_BUGREPORT=''
PACKAGE_NAME='masterserver'
PACKAGE_STRING='masterserver 0.2.9'
PACKAGE_TARNAME='masterserver'
PACKAGE_URL=''
PACKAGE_VERSION='0.2.9'
PATH_SEPARATOR=':'
SET_MAKE=''
SHELL='/bin/sh'
STRIP=''
VERSION='0.2.9'
ac_ct_CC='gcc'
ac_ct_CXX='g++'
am__EXEEXT_FALSE=''
am__EXEEXT_TRUE='#'
am__fastdepCC_FALSE='#'
am__fastdepCC_TRUE=''
am__fastdepCXX_FALSE='#'
am__fastdepCXX_TRUE=''
am__include='include'
am__isrc=''
am__leading_dot='.'
am__nodep='_no'
am__quote=''
am__tar='$${TAR-tar} chof - "$$tardir"'
am__untar='$${TAR-tar} xf -'
bindir='${exec_prefix}/bin'
build_alias=''
datadir='${datarootdir}'
datarootdir='${prefix}/share'
docdir='${datarootdir}/doc/${PACKAGE_TARNAME}'
dvidir='${docdir}'
exec_prefix='${prefix}'
host_alias=''
htmldir='${docdir}'
includedir='${prefix}/include'
infodir='${datarootdir}/info'
install_sh='${SHELL} /home/jeff/development/Netpanzer-V2/masterserver-1.99/install-sh'
libdir='${exec_prefix}/lib64'
libexecdir='${exec_prefix}/lib'
localedir='${datarootdir}/locale'
localstatedir='${prefix}/var'
mandir='${datarootdir}/man'
mkdir_p='$(MKDIR_P)'
oldincludedir='/usr/include'
pdfdir='${docdir}'
prefix='/usr/local'
program_transform_name='s,x,x,'
psdir='${docdir}'
sbindir='${exec_prefix}/sbin'
sharedstatedir='${prefix}/com'
sysconfdir='${prefix}/etc'
target_alias=''

## ----------- ##
## confdefs.h. ##
## ----------- ##

/* confdefs.h */
#define PACKAGE_NAME "masterserver"
#define PACKAGE_TARNAME "masterserver"
#define PACKAGE_VERSION "0.2.9"
#define PACKAGE_STRING "masterserver 0.2.9"
#define PACKAGE_BUGREPORT ""
#define PACKAGE_URL ""
#define PACKAGE "masterserver"
#define VERSION "0.2.9"
#define HAVE_GETHOSTBYNAME 1
#define HAVE_INET_NTOA 1
#define HAVE_MEMSET 1
#define HAVE_SOCKET 1
#define HAVE_STRERROR 1
#define STDC_HEADERS 1
#define HAVE_SYS_TYPES_H 1
#define HAVE_SYS_STAT_H 1
#define HAVE_STDLIB_H 1
#define HAVE_STRING_H 1
#define HAVE_MEMORY_H 1
#define HAVE_STRINGS_H 1
#define HAVE_INTTYPES_H 1
#define HAVE_STDINT_H 1
#define HAVE_UNISTD_H 1
#define HAVE_ARPA_INET_H 1
#define HAVE_NETDB_H 1
#define HAVE_NETINET_IN_H 1
#define HAVE_STDLIB_H 1
#define HAVE_STRING_H 1
#define HAVE_SYS_SOCKET_H 1
#define HAVE_UNISTD_H 1
#define HAVE__BOOL 1
#define HAVE_STDBOOL_H 1

configure: exit 0
